<?xml version="1.0" encoding="UTF-8"?>
<!-- Generated by org.testng.reporters.JUnitXMLReporter -->
<testsuite ignored="0" hostname="MOHANRAJ" failures="0" tests="4" name="Default test" time="0.128" errors="0" timestamp="2023-03-03T21:30:09 IST">
  <testcase classname="script.Test2" name="tc2" time="0.029"/>
  <testcase classname="script.Test1" name="tc1" time="0.003"/>
  <testcase classname="script.Test4" name="tc2" time="0.003"/>
  <testcase classname="script.Test3" name="tc3" time="0.003"/>
</testsuite> <!-- Default test -->
