<?xml version="1.0" encoding="UTF-8"?>
<testng-results ignored="0" total="1" passed="1" failed="0" skipped="0">
  <reporter-output>
    <line>
      <![CDATA[Hello Java]]>
    </line>
  </reporter-output>
  <suite started-at="2023-03-03T20:47:40 IST" name="Suite" finished-at="2023-03-03T20:47:40 IST" duration-ms="136">
    <groups>
    </groups>
    <test started-at="2023-03-03T20:47:40 IST" name="Test" finished-at="2023-03-03T20:47:40 IST" duration-ms="136">
      <class name="script.Mr">
        <test-method signature="tc1()[pri:0, instance:script.Mr@647fd8ce]" started-at="2023-03-03T20:47:40 IST" name="tc1" finished-at="2023-03-03T20:47:40 IST" duration-ms="27" status="PASS">
          <reporter-output>
            <line>
              <![CDATA[Hello Java]]>
            </line>
          </reporter-output>
        </test-method> <!-- tc1 -->
      </class> <!-- script.Mr -->
    </test> <!-- Test -->
  </suite> <!-- Suite -->
</testng-results>
